instructions:
- command: read_memory
  bytes:
  - '0x13'
  - '0x01'
  - '0x00'
  - '0x00'
  - '0x32'
  - '0x00'
- command: bswap
  bytes:
  - '0x16'
  - '0x01'
  - '0x10'
  - '0x00'
- command: write_memory
  bytes:
  - '0x1F'
  - '0x00'
  - '0x20'
  - '0x43'
  - '0x00'
  - '0x00'
- command: read_memory
  bytes:
  - '0x13'
  - '0x01'
  - '0x00'
  - '0x80'
  - '0x32'
  - '0x00'
- command: bswap
  bytes:
  - '0x16'
  - '0x01'
  - '0x10'
  - '0x00'
- command: write_memory
  bytes:
  - '0x1F'
  - '0x00'
  - '0x28'
  - '0x43'
  - '0x00'
  - '0x00'
- command: read_memory
  bytes:
  - '0x13'
  - '0x01'
  - '0x00'
  - '0x00'
  - '0x33'
  - '0x00'
- command: bswap
  bytes:
  - '0x16'
  - '0x01'
  - '0x10'
  - '0x00'
- command: write_memory
  bytes:
  - '0x1F'
  - '0x00'
  - '0x30'
  - '0x43'
  - '0x00'
  - '0x00'
- command: read_memory
  bytes:
  - '0x13'
  - '0x01'
  - '0x00'
  - '0x80'
  - '0x33'
  - '0x00'
- command: bswap
  bytes:
  - '0x16'
  - '0x01'
  - '0x10'
  - '0x00'
- command: write_memory
  bytes:
  - '0x1F'
  - '0x00'
  - '0x38'
  - '0x43'
  - '0x00'
  - '0x00'
- command: read_memory
  bytes:
  - '0x13'
  - '0x01'
  - '0x00'
  - '0x00'
  - '0x34'
  - '0x00'
- command: bswap
  bytes:
  - '0x16'
  - '0x01'
  - '0x10'
  - '0x00'
- command: write_memory
  bytes:
  - '0x1F'
  - '0x00'
  - '0x40'
  - '0x43'
  - '0x00'
  - '0x00'
